0 info it worked if it ends with ok
1 verbose cli [ 'node',
1 verbose cli   '/Users/celso/.meteor/packages/meteor-tool/.1.3.2_4.k4jg3o++os.osx.x86_64+web.browser+web.cordova/mt-os.osx.x86_64/dev_bundle/bin/npm',
1 verbose cli   'install',
1 verbose cli   '--save',
1 verbose cli   'moment' ]
2 info using npm@2.14.22
3 info using node@v0.10.43
4 verbose install initial load of /Users/celso/Dev/app-views/package.json
5 verbose installManyTop reading scoped package data from /Users/celso/Dev/app-views/node_modules/asap/package.json
6 verbose installManyTop reading scoped package data from /Users/celso/Dev/app-views/node_modules/babel-plugin-syntax-flow/package.json
7 verbose installManyTop reading scoped package data from /Users/celso/Dev/app-views/node_modules/babel-runtime/package.json
8 verbose installManyTop reading scoped package data from /Users/celso/Dev/app-views/node_modules/core-js/package.json
9 verbose installManyTop reading scoped package data from /Users/celso/Dev/app-views/node_modules/domready/package.json
10 verbose installManyTop reading scoped package data from /Users/celso/Dev/app-views/node_modules/encoding/package.json
11 verbose installManyTop reading scoped package data from /Users/celso/Dev/app-views/node_modules/fbjs/package.json
12 verbose installManyTop reading scoped package data from /Users/celso/Dev/app-views/node_modules/iconv-lite/package.json
13 verbose installManyTop reading scoped package data from /Users/celso/Dev/app-views/node_modules/is-stream/package.json
14 verbose installManyTop reading scoped package data from /Users/celso/Dev/app-views/node_modules/isomorphic-fetch/package.json
15 verbose installManyTop reading scoped package data from /Users/celso/Dev/app-views/node_modules/js-tokens/package.json
16 verbose installManyTop reading scoped package data from /Users/celso/Dev/app-views/node_modules/loose-envify/package.json
17 verbose installManyTop reading scoped package data from /Users/celso/Dev/app-views/node_modules/material-ui/package.json
18 verbose installManyTop reading scoped package data from /Users/celso/Dev/app-views/node_modules/meteor-node-stubs/package.json
19 verbose installManyTop reading scoped package data from /Users/celso/Dev/app-views/node_modules/node-fetch/package.json
20 verbose installManyTop reading scoped package data from /Users/celso/Dev/app-views/node_modules/object-assign/package.json
21 verbose installManyTop reading scoped package data from /Users/celso/Dev/app-views/node_modules/promise/package.json
22 verbose installManyTop reading scoped package data from /Users/celso/Dev/app-views/node_modules/react/package.json
23 verbose installManyTop reading scoped package data from /Users/celso/Dev/app-views/node_modules/react-dom/package.json
24 verbose installManyTop reading scoped package data from /Users/celso/Dev/app-views/node_modules/react-mounter/package.json
25 verbose installManyTop reading scoped package data from /Users/celso/Dev/app-views/node_modules/react-tap-event-plugin/package.json
26 verbose installManyTop reading scoped package data from /Users/celso/Dev/app-views/node_modules/ua-parser-js/package.json
27 verbose installManyTop reading scoped package data from /Users/celso/Dev/app-views/node_modules/whatwg-fetch/package.json
28 info package.json babel-plugin-syntax-flow@6.8.0 No description
29 verbose readDependencies loading dependencies from /Users/celso/Dev/app-views/package.json
30 silly cache add args [ 'moment', null ]
31 verbose cache add spec moment
32 silly cache add parsed spec { raw: 'moment',
32 silly cache add   scope: null,
32 silly cache add   name: 'moment',
32 silly cache add   rawSpec: '',
32 silly cache add   spec: 'latest',
32 silly cache add   type: 'tag' }
33 silly addNamed moment@latest
34 verbose addNamed "latest" is being treated as a dist-tag for moment
35 info addNameTag [ 'moment', 'latest' ]
36 silly mapToRegistry name moment
37 silly mapToRegistry using default registry
38 silly mapToRegistry registry https://registry.npmjs.org/
39 silly mapToRegistry uri https://registry.npmjs.org/moment
40 verbose addNameTag registry:https://registry.npmjs.org/moment not in flight; fetching
41 verbose request uri https://registry.npmjs.org/moment
42 verbose request no auth needed
43 info attempt registry request try #1 at 02:51:08
44 verbose request id 18d3ac4ba69bc25f
45 verbose etag "5F92FQH4W5I5VWSW2YSXDLDRU"
46 http request GET https://registry.npmjs.org/moment
47 http 200 https://registry.npmjs.org/moment
48 verbose headers { server: 'CouchDB/1.5.0 (Erlang OTP/R16B03)',
48 verbose headers   etag: '"AW4S6KTPNC4KN8TN2QPY1WBLQ"',
48 verbose headers   'content-type': 'application/json',
48 verbose headers   'cache-control': 'max-age=300',
48 verbose headers   'content-length': '81234',
48 verbose headers   'accept-ranges': 'bytes',
48 verbose headers   date: 'Thu, 05 May 2016 06:51:08 GMT',
48 verbose headers   via: '1.1 varnish',
48 verbose headers   age: '150',
48 verbose headers   connection: 'keep-alive',
48 verbose headers   'x-served-by': 'cache-iad2128-IAD',
48 verbose headers   'x-cache': 'HIT',
48 verbose headers   'x-cache-hits': '8',
48 verbose headers   'x-timer': 'S1462431068.905767,VS0,VE0',
48 verbose headers   vary: 'Accept-Encoding' }
49 silly get cb [ 200,
49 silly get   { server: 'CouchDB/1.5.0 (Erlang OTP/R16B03)',
49 silly get     etag: '"AW4S6KTPNC4KN8TN2QPY1WBLQ"',
49 silly get     'content-type': 'application/json',
49 silly get     'cache-control': 'max-age=300',
49 silly get     'content-length': '81234',
49 silly get     'accept-ranges': 'bytes',
49 silly get     date: 'Thu, 05 May 2016 06:51:08 GMT',
49 silly get     via: '1.1 varnish',
49 silly get     age: '150',
49 silly get     connection: 'keep-alive',
49 silly get     'x-served-by': 'cache-iad2128-IAD',
49 silly get     'x-cache': 'HIT',
49 silly get     'x-cache-hits': '8',
49 silly get     'x-timer': 'S1462431068.905767,VS0,VE0',
49 silly get     vary: 'Accept-Encoding' } ]
50 verbose get saving moment to /Users/celso/.npm/registry.npmjs.org/moment/.cache.json
51 verbose correctMkdir /Users/celso/.npm correctMkdir not in flight; initializing
52 silly addNameTag next cb for moment with tag latest
53 silly addNamed moment@2.13.0
54 verbose addNamed "2.13.0" is a plain semver version for moment
55 silly cache afterAdd moment@2.13.0
56 verbose afterAdd /Users/celso/.npm/moment/2.13.0/package/package.json not in flight; writing
57 verbose correctMkdir /Users/celso/.npm correctMkdir not in flight; initializing
58 verbose afterAdd /Users/celso/.npm/moment/2.13.0/package/package.json written
59 silly install resolved [ { name: 'moment',
59 silly install resolved     version: '2.13.0',
59 silly install resolved     description: 'Parse, validate, manipulate, and display dates',
59 silly install resolved     homepage: 'http://momentjs.com',
59 silly install resolved     author:
59 silly install resolved      { name: 'Iskren Ivov Chernev',
59 silly install resolved        email: 'iskren.chernev@gmail.com',
59 silly install resolved        url: 'https://github.com/ichernev' },
59 silly install resolved     contributors: [ [Object], [Object], [Object], [Object], [Object] ],
59 silly install resolved     keywords:
59 silly install resolved      [ 'moment',
59 silly install resolved        'date',
59 silly install resolved        'time',
59 silly install resolved        'parse',
59 silly install resolved        'format',
59 silly install resolved        'validate',
59 silly install resolved        'i18n',
59 silly install resolved        'l10n',
59 silly install resolved        'ender' ],
59 silly install resolved     main: './moment.js',
59 silly install resolved     typings: './moment.d.ts',
59 silly install resolved     engines: { node: '*' },
59 silly install resolved     repository: { type: 'git', url: 'https://github.com/moment/moment.git' },
59 silly install resolved     bugs: { url: 'https://github.com/moment/moment/issues' },
59 silly install resolved     license: 'MIT',
59 silly install resolved     devDependencies:
59 silly install resolved      { 'uglify-js': 'latest',
59 silly install resolved        'es6-promise': 'latest',
59 silly install resolved        grunt: '~0.4',
59 silly install resolved        'grunt-cli': 'latest',
59 silly install resolved        benchmark: 'latest',
59 silly install resolved        esperanto: 'latest',
59 silly install resolved        'grunt-contrib-clean': 'latest',
59 silly install resolved        'grunt-contrib-concat': 'latest',
59 silly install resolved        'grunt-contrib-copy': 'latest',
59 silly install resolved        'grunt-contrib-jshint': 'latest',
59 silly install resolved        'grunt-contrib-uglify': 'latest',
59 silly install resolved        'grunt-contrib-watch': 'latest',
59 silly install resolved        'grunt-env': 'latest',
59 silly install resolved        'grunt-jscs': 'latest',
59 silly install resolved        'grunt-karma': 'latest',
59 silly install resolved        'grunt-nuget': 'latest',
59 silly install resolved        'grunt-benchmark': 'latest',
59 silly install resolved        'grunt-string-replace': 'latest',
59 silly install resolved        'grunt-exec': 'latest',
59 silly install resolved        'load-grunt-tasks': 'latest',
59 silly install resolved        karma: 'latest',
59 silly install resolved        'karma-chrome-launcher': 'latest',
59 silly install resolved        'karma-firefox-launcher': 'latest',
59 silly install resolved        'karma-qunit': 'latest',
59 silly install resolved        'karma-sauce-launcher': 'latest',
59 silly install resolved        qunit: '^0.7.5',
59 silly install resolved        'qunit-cli': '^0.1.4',
59 silly install resolved        spacejam: 'latest',
59 silly install resolved        coveralls: '^2.11.2',
59 silly install resolved        nyc: '^2.1.4' },
59 silly install resolved     ender: './ender.js',
59 silly install resolved     dojoBuild: 'package.js',
59 silly install resolved     jspm: { files: [Object], map: [Object], buildConfig: [Object] },
59 silly install resolved     scripts:
59 silly install resolved      { test: 'grunt test',
59 silly install resolved        coverage: 'nyc npm test && nyc report',
59 silly install resolved        coveralls: 'nyc npm test && nyc report --reporter=text-lcov | coveralls' },
59 silly install resolved     spm: { main: 'moment.js', output: [Object] },
59 silly install resolved     _id: 'moment@2.13.0',
59 silly install resolved     dist:
59 silly install resolved      { shasum: '24162d99521e6d40f99ae6939e806d2139eaac52',
59 silly install resolved        tarball: 'https://registry.npmjs.org/moment/-/moment-2.13.0.tgz' },
59 silly install resolved     _from: 'moment@latest',
59 silly install resolved     _npmVersion: '1.4.6',
59 silly install resolved     _npmUser: { name: 'ichernev', email: 'iskren.chernev@gmail.com' },
59 silly install resolved     maintainers: [ [Object], [Object] ],
59 silly install resolved     _npmOperationalInternal:
59 silly install resolved      { host: 'packages-16-east.internal.npmjs.com',
59 silly install resolved        tmp: 'tmp/moment-2.13.0.tgz_1460965287679_0.1848272318020463' },
59 silly install resolved     directories: {},
59 silly install resolved     _shasum: '24162d99521e6d40f99ae6939e806d2139eaac52',
59 silly install resolved     _resolved: 'https://registry.npmjs.org/moment/-/moment-2.13.0.tgz',
59 silly install resolved     readme: 'ERROR: No README data found!' } ]
60 info install moment@2.13.0 into /Users/celso/Dev/app-views
61 info installOne moment@2.13.0
62 verbose installOne of moment to /Users/celso/Dev/app-views not in flight; installing
63 verbose correctMkdir /Users/celso/.npm/_locks correctMkdir not in flight; initializing
64 verbose lock using /Users/celso/.npm/_locks/moment-2bacf1d635b0c7f3.lock for /Users/celso/Dev/app-views/node_modules/moment
65 silly install write writing moment 2.13.0 to /Users/celso/Dev/app-views/node_modules/moment
66 verbose unbuild node_modules/moment
67 silly gentlyRm /Users/celso/Dev/app-views/node_modules/moment is being purged from base /Users/celso/Dev/app-views
68 verbose gentlyRm don't care about contents; nuking /Users/celso/Dev/app-views/node_modules/moment
69 verbose tar unpack /Users/celso/.npm/moment/2.13.0/package.tgz
70 verbose tar unpacking to /Users/celso/Dev/app-views/node_modules/moment
71 silly gentlyRm /Users/celso/Dev/app-views/node_modules/moment is being purged
72 verbose gentlyRm don't care about contents; nuking /Users/celso/Dev/app-views/node_modules/moment
73 silly gunzTarPerm modes [ '755', '644' ]
74 silly gunzTarPerm extractEntry package.json
75 silly gunzTarPerm extractEntry .npmignore
76 silly gunzTarPerm extractEntry README.md
77 silly gunzTarPerm extractEntry LICENSE
78 silly gunzTarPerm extractEntry ender.js
79 silly gunzTarPerm extractEntry moment.js
80 silly gunzTarPerm extractEntry package.js
81 silly gunzTarPerm extractEntry moment.d.ts
82 silly gunzTarPerm extractEntry src/moment.js
83 silly gunzTarPerm extractEntry src/lib/create/check-overflow.js
84 silly gunzTarPerm extractEntry src/lib/create/from-anything.js
85 silly gunzTarPerm extractEntry src/lib/create/from-array.js
86 silly gunzTarPerm extractEntry src/lib/create/from-object.js
87 silly gunzTarPerm extractEntry src/lib/create/from-string-and-array.js
88 silly gunzTarPerm extractEntry src/lib/create/date-from-array.js
89 silly gunzTarPerm extractEntry src/lib/create/from-string.js
90 silly gunzTarPerm extractEntry src/lib/create/local.js
91 silly gunzTarPerm extractEntry src/lib/create/parsing-flags.js
92 silly gunzTarPerm extractEntry src/lib/create/utc.js
93 silly gunzTarPerm extractEntry src/lib/create/valid.js
94 silly gunzTarPerm extractEntry src/lib/create/from-string-and-format.js
95 silly gunzTarPerm extractEntry src/lib/duration/abs.js
96 silly gunzTarPerm extractEntry src/lib/duration/as.js
97 silly gunzTarPerm extractEntry src/lib/duration/bubble.js
98 silly gunzTarPerm extractEntry src/lib/duration/constructor.js
99 silly gunzTarPerm extractEntry src/lib/duration/add-subtract.js
100 silly gunzTarPerm extractEntry src/lib/duration/duration.js
101 silly gunzTarPerm extractEntry src/lib/duration/get.js
102 silly gunzTarPerm extractEntry src/lib/duration/humanize.js
103 silly gunzTarPerm extractEntry src/lib/duration/iso-string.js
104 silly gunzTarPerm extractEntry src/lib/duration/prototype.js
105 silly gunzTarPerm extractEntry src/lib/duration/create.js
106 silly gunzTarPerm extractEntry src/lib/format/format.js
107 silly gunzTarPerm extractEntry src/lib/locale/calendar.js
108 silly gunzTarPerm extractEntry src/lib/locale/formats.js
109 silly gunzTarPerm extractEntry src/lib/locale/invalid.js
110 silly gunzTarPerm extractEntry src/lib/locale/lists.js
111 silly gunzTarPerm extractEntry src/lib/locale/en.js
112 silly gunzTarPerm extractEntry src/lib/locale/locales.js
113 silly gunzTarPerm extractEntry src/lib/locale/ordinal.js
114 silly gunzTarPerm extractEntry src/lib/locale/pre-post-format.js
115 silly gunzTarPerm extractEntry src/lib/locale/prototype.js
116 silly gunzTarPerm extractEntry src/lib/locale/relative.js
117 silly gunzTarPerm extractEntry src/lib/locale/constructor.js
118 silly gunzTarPerm extractEntry src/lib/locale/set.js
119 silly gunzTarPerm extractEntry src/lib/locale/locale.js
120 silly gunzTarPerm extractEntry src/lib/moment/add-subtract.js
121 silly gunzTarPerm extractEntry src/lib/moment/diff.js
122 silly gunzTarPerm extractEntry src/lib/moment/format.js
123 silly gunzTarPerm extractEntry src/lib/moment/from.js
124 silly gunzTarPerm extractEntry src/lib/moment/creation-data.js
125 silly gunzTarPerm extractEntry src/lib/moment/locale.js
126 silly gunzTarPerm extractEntry src/lib/moment/min-max.js
127 silly gunzTarPerm extractEntry src/lib/moment/moment.js
128 silly gunzTarPerm extractEntry src/lib/moment/now.js
129 silly gunzTarPerm extractEntry src/lib/moment/prototype.js
130 silly gunzTarPerm extractEntry src/lib/moment/constructor.js
131 silly gunzTarPerm extractEntry src/lib/moment/start-end-of.js
132 silly gunzTarPerm extractEntry src/lib/moment/compare.js
133 silly gunzTarPerm extractEntry src/lib/moment/to-type.js
134 silly gunzTarPerm extractEntry src/lib/moment/clone.js
135 silly gunzTarPerm extractEntry src/lib/moment/to.js
136 silly gunzTarPerm extractEntry src/lib/moment/calendar.js
137 silly gunzTarPerm extractEntry src/lib/moment/valid.js
138 silly gunzTarPerm extractEntry src/lib/moment/get-set.js
139 silly gunzTarPerm extractEntry src/lib/parse/regex.js
140 silly gunzTarPerm extractEntry src/lib/parse/token.js
141 silly gunzTarPerm extractEntry src/lib/units/aliases.js
142 silly gunzTarPerm extractEntry src/lib/units/millisecond.js
143 silly gunzTarPerm extractEntry src/lib/units/minute.js
144 silly gunzTarPerm extractEntry src/lib/units/month.js
145 silly gunzTarPerm extractEntry src/lib/units/hour.js
146 silly gunzTarPerm extractEntry src/lib/units/quarter.js
147 silly gunzTarPerm extractEntry src/lib/units/second.js
148 silly gunzTarPerm extractEntry src/lib/units/timestamp.js
149 silly gunzTarPerm extractEntry src/lib/units/timezone.js
150 silly gunzTarPerm extractEntry src/lib/units/units.js
151 silly gunzTarPerm extractEntry src/lib/units/day-of-year.js
152 silly gunzTarPerm extractEntry src/lib/units/week-calendar-utils.js
153 silly gunzTarPerm extractEntry src/lib/units/day-of-week.js
154 silly gunzTarPerm extractEntry src/lib/units/week-year.js
155 silly gunzTarPerm extractEntry src/lib/units/day-of-month.js
156 silly gunzTarPerm extractEntry src/lib/units/week.js
157 silly gunzTarPerm extractEntry src/lib/units/constants.js
158 silly gunzTarPerm extractEntry src/lib/units/year.js
159 silly gunzTarPerm extractEntry src/lib/units/offset.js
160 silly gunzTarPerm extractEntry src/lib/utils/abs-ceil.js
161 silly gunzTarPerm extractEntry src/lib/utils/extend.js
162 silly gunzTarPerm extractEntry src/lib/utils/has-own-prop.js
163 silly gunzTarPerm extractEntry src/lib/utils/hooks.js
164 silly gunzTarPerm extractEntry src/lib/utils/index-of.js
165 silly gunzTarPerm extractEntry src/lib/utils/deprecate.js
166 silly gunzTarPerm extractEntry src/lib/utils/is-date.js
167 silly gunzTarPerm extractEntry src/lib/utils/is-function.js
168 silly gunzTarPerm extractEntry src/lib/utils/is-object.js
169 silly gunzTarPerm extractEntry src/lib/utils/is-undefined.js
170 silly gunzTarPerm extractEntry src/lib/utils/keys.js
171 silly gunzTarPerm extractEntry src/lib/utils/defaults.js
172 silly gunzTarPerm extractEntry src/lib/utils/map.js
173 silly gunzTarPerm extractEntry src/lib/utils/compare-arrays.js
174 silly gunzTarPerm extractEntry src/lib/utils/some.js
175 silly gunzTarPerm extractEntry src/lib/utils/abs-round.js
176 silly gunzTarPerm extractEntry src/lib/utils/to-int.js
177 silly gunzTarPerm extractEntry src/lib/utils/abs-floor.js
178 silly gunzTarPerm extractEntry src/lib/utils/zero-fill.js
179 silly gunzTarPerm extractEntry src/lib/utils/is-array.js
180 silly gunzTarPerm extractEntry src/locale/af.js
181 silly gunzTarPerm extractEntry src/locale/it.js
182 silly gunzTarPerm extractEntry src/locale/ja.js
183 silly gunzTarPerm extractEntry src/locale/jv.js
184 silly gunzTarPerm extractEntry src/locale/ka.js
185 silly gunzTarPerm extractEntry src/locale/is.js
186 silly gunzTarPerm extractEntry src/locale/km.js
187 silly gunzTarPerm extractEntry src/locale/ko.js
188 silly gunzTarPerm extractEntry src/locale/ky.js
189 silly gunzTarPerm extractEntry src/locale/lb.js
190 silly gunzTarPerm extractEntry src/locale/lo.js
191 silly gunzTarPerm extractEntry src/locale/id.js
192 silly gunzTarPerm extractEntry src/locale/lt.js
193 silly gunzTarPerm extractEntry src/locale/hy-am.js
194 silly gunzTarPerm extractEntry src/locale/lv.js
195 silly gunzTarPerm extractEntry src/locale/hu.js
196 silly gunzTarPerm extractEntry src/locale/me.js
197 silly gunzTarPerm extractEntry src/locale/hr.js
198 silly gunzTarPerm extractEntry src/locale/mk.js
199 silly gunzTarPerm extractEntry src/locale/hi.js
200 silly gunzTarPerm extractEntry src/locale/ml.js
201 silly gunzTarPerm extractEntry src/locale/he.js
202 silly gunzTarPerm extractEntry src/locale/mr.js
203 silly gunzTarPerm extractEntry src/locale/gl.js
204 silly gunzTarPerm extractEntry src/locale/ms-my.js
205 silly gunzTarPerm extractEntry src/locale/gd.js
206 silly gunzTarPerm extractEntry src/locale/ms.js
207 silly gunzTarPerm extractEntry src/locale/fy.js
208 silly gunzTarPerm extractEntry src/locale/my.js
209 silly gunzTarPerm extractEntry src/locale/fr.js
210 silly gunzTarPerm extractEntry src/locale/nb.js
211 silly gunzTarPerm extractEntry src/locale/fr-ch.js
212 silly gunzTarPerm extractEntry src/locale/ne.js
213 silly gunzTarPerm extractEntry src/locale/fr-ca.js
214 silly gunzTarPerm extractEntry src/locale/nl.js
215 silly gunzTarPerm extractEntry src/locale/fo.js
216 silly gunzTarPerm extractEntry src/locale/nn.js
217 silly gunzTarPerm extractEntry src/locale/fi.js
218 silly gunzTarPerm extractEntry src/locale/pa-in.js
219 silly gunzTarPerm extractEntry src/locale/fa.js
220 silly gunzTarPerm extractEntry src/locale/pl.js
221 silly gunzTarPerm extractEntry src/locale/eu.js
222 silly gunzTarPerm extractEntry src/locale/pt-br.js
223 silly gunzTarPerm extractEntry src/locale/et.js
224 silly gunzTarPerm extractEntry src/locale/pt.js
225 silly gunzTarPerm extractEntry src/locale/es.js
226 silly gunzTarPerm extractEntry src/locale/ro.js
227 silly gunzTarPerm extractEntry src/locale/eo.js
228 silly gunzTarPerm extractEntry src/locale/ru.js
229 silly gunzTarPerm extractEntry src/locale/en-nz.js
230 silly gunzTarPerm extractEntry src/locale/se.js
231 silly gunzTarPerm extractEntry src/locale/en-ie.js
232 silly gunzTarPerm extractEntry src/locale/si.js
233 silly gunzTarPerm extractEntry src/locale/en-gb.js
234 silly gunzTarPerm extractEntry src/locale/sk.js
235 silly gunzTarPerm extractEntry src/locale/en-ca.js
236 silly gunzTarPerm extractEntry src/locale/sl.js
237 silly gunzTarPerm extractEntry src/locale/en-au.js
238 silly gunzTarPerm extractEntry src/locale/sq.js
239 silly gunzTarPerm extractEntry src/locale/el.js
240 silly gunzTarPerm extractEntry src/locale/sr-cyrl.js
241 silly gunzTarPerm extractEntry src/locale/dv.js
242 silly gunzTarPerm extractEntry src/locale/sr.js
243 silly gunzTarPerm extractEntry src/locale/de.js
244 silly gunzTarPerm extractEntry src/locale/ss.js
245 silly gunzTarPerm extractEntry src/locale/de-at.js
246 silly gunzTarPerm extractEntry src/locale/sv.js
247 silly gunzTarPerm extractEntry src/locale/da.js
248 silly gunzTarPerm extractEntry src/locale/sw.js
249 silly gunzTarPerm extractEntry src/locale/cy.js
250 silly gunzTarPerm extractEntry src/locale/ta.js
251 silly gunzTarPerm extractEntry src/locale/cv.js
252 silly gunzTarPerm extractEntry src/locale/te.js
253 silly gunzTarPerm extractEntry src/locale/cs.js
254 silly gunzTarPerm extractEntry src/locale/th.js
255 silly gunzTarPerm extractEntry src/locale/ca.js
256 silly gunzTarPerm extractEntry src/locale/tl-ph.js
257 silly gunzTarPerm extractEntry src/locale/bs.js
258 silly gunzTarPerm extractEntry src/locale/tlh.js
259 silly gunzTarPerm extractEntry src/locale/br.js
260 silly gunzTarPerm extractEntry src/locale/tr.js
261 silly gunzTarPerm extractEntry src/locale/bo.js
262 silly gunzTarPerm extractEntry src/locale/tzl.js
263 silly gunzTarPerm extractEntry src/locale/bn.js
264 silly gunzTarPerm extractEntry src/locale/tzm-latn.js
265 silly gunzTarPerm extractEntry src/locale/bg.js
266 silly gunzTarPerm extractEntry src/locale/tzm.js
267 silly gunzTarPerm extractEntry src/locale/be.js
268 silly gunzTarPerm extractEntry src/locale/uk.js
269 silly gunzTarPerm extractEntry src/locale/az.js
270 silly gunzTarPerm extractEntry src/locale/uz.js
271 silly gunzTarPerm extractEntry src/locale/ar.js
272 silly gunzTarPerm extractEntry src/locale/vi.js
273 silly gunzTarPerm extractEntry src/locale/ar-tn.js
274 silly gunzTarPerm extractEntry src/locale/x-pseudo.js
275 silly gunzTarPerm extractEntry src/locale/ar-sa.js
276 silly gunzTarPerm extractEntry src/locale/zh-cn.js
277 silly gunzTarPerm extractEntry src/locale/ar-ma.js
278 silly gunzTarPerm extractEntry src/locale/zh-tw.js
279 silly gunzTarPerm extractEntry src/locale/kk.js
280 silly gunzTarPerm extractEntry locale/af.js
281 silly gunzTarPerm extractEntry locale/it.js
282 silly gunzTarPerm extractEntry locale/ja.js
283 silly gunzTarPerm extractEntry locale/jv.js
284 silly gunzTarPerm extractEntry locale/ka.js
285 silly gunzTarPerm extractEntry locale/is.js
286 silly gunzTarPerm extractEntry locale/km.js
287 silly gunzTarPerm extractEntry locale/ko.js
288 silly gunzTarPerm extractEntry locale/ky.js
289 silly gunzTarPerm extractEntry locale/lb.js
290 silly gunzTarPerm extractEntry locale/lo.js
291 silly gunzTarPerm extractEntry locale/id.js
292 silly gunzTarPerm extractEntry locale/lt.js
293 silly gunzTarPerm extractEntry locale/hy-am.js
294 silly gunzTarPerm extractEntry locale/lv.js
295 silly gunzTarPerm extractEntry locale/hu.js
296 silly gunzTarPerm extractEntry locale/me.js
297 silly gunzTarPerm extractEntry locale/hr.js
298 silly gunzTarPerm extractEntry locale/mk.js
299 silly gunzTarPerm extractEntry locale/hi.js
300 silly gunzTarPerm extractEntry locale/ml.js
301 silly gunzTarPerm extractEntry locale/he.js
302 silly gunzTarPerm extractEntry locale/mr.js
303 silly gunzTarPerm extractEntry locale/gl.js
304 silly gunzTarPerm extractEntry locale/ms-my.js
305 silly gunzTarPerm extractEntry locale/gd.js
306 silly gunzTarPerm extractEntry locale/ms.js
307 silly gunzTarPerm extractEntry locale/fy.js
308 silly gunzTarPerm extractEntry locale/my.js
309 silly gunzTarPerm extractEntry locale/fr.js
310 silly gunzTarPerm extractEntry locale/nb.js
311 silly gunzTarPerm extractEntry locale/fr-ch.js
312 silly gunzTarPerm extractEntry locale/ne.js
313 silly gunzTarPerm extractEntry locale/fr-ca.js
314 silly gunzTarPerm extractEntry locale/nl.js
315 silly gunzTarPerm extractEntry locale/fo.js
316 silly gunzTarPerm extractEntry locale/nn.js
317 silly gunzTarPerm extractEntry locale/fi.js
318 silly gunzTarPerm extractEntry locale/pa-in.js
319 silly gunzTarPerm extractEntry locale/fa.js
320 silly gunzTarPerm extractEntry locale/pl.js
321 silly gunzTarPerm extractEntry locale/eu.js
322 silly gunzTarPerm extractEntry locale/pt-br.js
323 silly gunzTarPerm extractEntry locale/et.js
324 silly gunzTarPerm extractEntry locale/pt.js
325 silly gunzTarPerm extractEntry locale/es.js
326 silly gunzTarPerm extractEntry locale/ro.js
327 silly gunzTarPerm extractEntry locale/eo.js
328 silly gunzTarPerm extractEntry locale/ru.js
329 silly gunzTarPerm extractEntry locale/en-nz.js
330 silly gunzTarPerm extractEntry locale/se.js
331 silly gunzTarPerm extractEntry locale/en-ie.js
332 silly gunzTarPerm extractEntry locale/si.js
333 silly gunzTarPerm extractEntry locale/en-gb.js
334 silly gunzTarPerm extractEntry locale/sk.js
335 silly gunzTarPerm extractEntry locale/en-ca.js
336 silly gunzTarPerm extractEntry locale/sl.js
337 silly gunzTarPerm extractEntry locale/en-au.js
338 silly gunzTarPerm extractEntry locale/sq.js
339 silly gunzTarPerm extractEntry locale/el.js
340 silly gunzTarPerm extractEntry locale/sr-cyrl.js
341 silly gunzTarPerm extractEntry locale/dv.js
342 silly gunzTarPerm extractEntry locale/sr.js
343 silly gunzTarPerm extractEntry locale/de.js
344 silly gunzTarPerm extractEntry locale/ss.js
345 silly gunzTarPerm extractEntry locale/de-at.js
346 silly gunzTarPerm extractEntry locale/sv.js
347 silly gunzTarPerm extractEntry locale/da.js
348 silly gunzTarPerm extractEntry locale/sw.js
349 silly gunzTarPerm extractEntry locale/cy.js
350 silly gunzTarPerm extractEntry locale/ta.js
351 silly gunzTarPerm extractEntry locale/cv.js
352 silly gunzTarPerm extractEntry locale/te.js
353 silly gunzTarPerm extractEntry locale/cs.js
354 silly gunzTarPerm extractEntry locale/th.js
355 silly gunzTarPerm extractEntry locale/ca.js
356 silly gunzTarPerm extractEntry locale/tl-ph.js
357 silly gunzTarPerm extractEntry locale/bs.js
358 silly gunzTarPerm extractEntry locale/tlh.js
359 silly gunzTarPerm extractEntry locale/br.js
360 silly gunzTarPerm extractEntry locale/tr.js
361 silly gunzTarPerm extractEntry locale/bo.js
362 silly gunzTarPerm extractEntry locale/tzl.js
363 silly gunzTarPerm extractEntry locale/bn.js
364 silly gunzTarPerm extractEntry locale/tzm-latn.js
365 silly gunzTarPerm extractEntry locale/bg.js
366 silly gunzTarPerm extractEntry locale/tzm.js
367 silly gunzTarPerm extractEntry locale/be.js
368 silly gunzTarPerm extractEntry locale/uk.js
369 silly gunzTarPerm extractEntry locale/az.js
370 silly gunzTarPerm extractEntry locale/uz.js
371 silly gunzTarPerm extractEntry locale/ar.js
372 silly gunzTarPerm extractEntry locale/vi.js
373 silly gunzTarPerm extractEntry locale/ar-tn.js
374 silly gunzTarPerm extractEntry locale/x-pseudo.js
375 silly gunzTarPerm extractEntry locale/ar-sa.js
376 silly gunzTarPerm extractEntry locale/zh-cn.js
377 silly gunzTarPerm extractEntry locale/ar-ma.js
378 silly gunzTarPerm extractEntry locale/zh-tw.js
379 silly gunzTarPerm extractEntry locale/kk.js
380 silly gunzTarPerm extractEntry CHANGELOG.md
381 silly gunzTarPerm extractEntry min/locales.js
382 silly gunzTarPerm extractEntry min/locales.min.js
383 silly gunzTarPerm extractEntry min/moment-with-locales.js
384 silly gunzTarPerm extractEntry min/moment-with-locales.min.js
385 silly gunzTarPerm extractEntry min/moment.min.js
386 verbose write writing to /Users/celso/Dev/app-views/node_modules/moment/package.json
387 info preinstall moment@2.13.0
388 verbose readDependencies loading dependencies from /Users/celso/Dev/app-views/node_modules/moment/package.json
389 verbose readDependencies loading dependencies from /Users/celso/Dev/app-views/node_modules/moment/package.json
390 silly install resolved []
391 verbose about to build /Users/celso/Dev/app-views/node_modules/moment
392 info build /Users/celso/Dev/app-views/node_modules/moment
393 info linkStuff moment@2.13.0
394 silly linkStuff moment@2.13.0 has /Users/celso/Dev/app-views/node_modules as its parent node_modules
395 verbose linkBins moment@2.13.0
396 verbose linkMans moment@2.13.0
397 verbose rebuildBundles moment@2.13.0
398 info install moment@2.13.0
399 info postinstall moment@2.13.0
400 verbose unlock done using /Users/celso/.npm/_locks/moment-2bacf1d635b0c7f3.lock for /Users/celso/Dev/app-views/node_modules/moment
401 verbose validateInstall loading /Users/celso/Dev/app-views/package.json for validation
402 verbose stack Error: The package react@15.0.2 does not satisfy its siblings' peerDependencies requirements!
402 verbose stack     at /Users/celso/.meteor/packages/meteor-tool/.1.3.2_4.k4jg3o++os.osx.x86_64+web.browser+web.cordova/mt-os.osx.x86_64/dev_bundle/lib/node_modules/npm/lib/install.js:125:32
402 verbose stack     at /Users/celso/.meteor/packages/meteor-tool/.1.3.2_4.k4jg3o++os.osx.x86_64+web.browser+web.cordova/mt-os.osx.x86_64/dev_bundle/lib/node_modules/npm/lib/install.js:268:7
402 verbose stack     at /Users/celso/.meteor/packages/meteor-tool/.1.3.2_4.k4jg3o++os.osx.x86_64+web.browser+web.cordova/mt-os.osx.x86_64/dev_bundle/lib/node_modules/npm/node_modules/read-installed/read-installed.js:142:5
402 verbose stack     at /Users/celso/.meteor/packages/meteor-tool/.1.3.2_4.k4jg3o++os.osx.x86_64+web.browser+web.cordova/mt-os.osx.x86_64/dev_bundle/lib/node_modules/npm/node_modules/read-installed/read-installed.js:263:14
402 verbose stack     at cb (/Users/celso/.meteor/packages/meteor-tool/.1.3.2_4.k4jg3o++os.osx.x86_64+web.browser+web.cordova/mt-os.osx.x86_64/dev_bundle/lib/node_modules/npm/node_modules/slide/lib/async-map.js:47:24)
402 verbose stack     at /Users/celso/.meteor/packages/meteor-tool/.1.3.2_4.k4jg3o++os.osx.x86_64+web.browser+web.cordova/mt-os.osx.x86_64/dev_bundle/lib/node_modules/npm/node_modules/read-installed/read-installed.js:263:14
402 verbose stack     at cb (/Users/celso/.meteor/packages/meteor-tool/.1.3.2_4.k4jg3o++os.osx.x86_64+web.browser+web.cordova/mt-os.osx.x86_64/dev_bundle/lib/node_modules/npm/node_modules/slide/lib/async-map.js:47:24)
402 verbose stack     at /Users/celso/.meteor/packages/meteor-tool/.1.3.2_4.k4jg3o++os.osx.x86_64+web.browser+web.cordova/mt-os.osx.x86_64/dev_bundle/lib/node_modules/npm/node_modules/read-installed/read-installed.js:263:14
402 verbose stack     at cb (/Users/celso/.meteor/packages/meteor-tool/.1.3.2_4.k4jg3o++os.osx.x86_64+web.browser+web.cordova/mt-os.osx.x86_64/dev_bundle/lib/node_modules/npm/node_modules/slide/lib/async-map.js:47:24)
402 verbose stack     at /Users/celso/.meteor/packages/meteor-tool/.1.3.2_4.k4jg3o++os.osx.x86_64+web.browser+web.cordova/mt-os.osx.x86_64/dev_bundle/lib/node_modules/npm/node_modules/read-installed/read-installed.js:263:14
403 verbose cwd /Users/celso/Dev/app-views
404 error Darwin 15.4.0
405 error argv "node" "/Users/celso/.meteor/packages/meteor-tool/.1.3.2_4.k4jg3o++os.osx.x86_64+web.browser+web.cordova/mt-os.osx.x86_64/dev_bundle/bin/npm" "install" "--save" "moment"
406 error node v0.10.43
407 error npm  v2.14.22
408 error code EPEERINVALID
409 error peerinvalid The package react@15.0.2 does not satisfy its siblings' peerDependencies requirements!
409 error peerinvalid Peer react-dom@15.0.2 wants react@^15.0.2
409 error peerinvalid Peer react-mounter@1.2.0 wants react@0.14.x || 15.x.x
409 error peerinvalid Peer react-tap-event-plugin@0.2.2 wants react@^0.14.0
409 error peerinvalid Peer material-ui@0.14.4 wants react@^0.14.0
410 verbose exit [ 1, true ]
